<?xml version="1.0" encoding="UTF-8"?>
  <testsuite tests="2" failures="0" time="121.677933157">
      <testcase name="Memcached Test General - should run successfully" classname="e2e Suite" time="53.912796324"></testcase>
  </testsuite>