<?xml version="1.0" encoding="UTF-8"?>
  <testsuite tests="1" failures="0" time="47.499839398"></testsuite>