<?xml version="1.0" encoding="UTF-8"?>
  <testsuite tests="1" failures="0" time="71.623421435">
      <testcase name="Memcached Test General - should run successfully" classname="e2e Suite" time="0">
          <skipped></skipped>
      </testcase>
      <testcase name="Memcached Test General Multiple Replica should run successfully" classname="e2e Suite" time="0">
          <skipped></skipped>
      </testcase>
      <testcase name="Memcached Test DoNotPause should work successfully" classname="e2e Suite" time="0">
          <skipped></skipped>
      </testcase>
  </testsuite>