<?xml version="1.0" encoding="UTF-8"?>
  <testsuite tests="5" failures="5" time="3.066121441"></testsuite>