<?xml version="1.0" encoding="UTF-8"?>
  <testsuite tests="5" failures="0" time="344.015592018">
      <testcase name="Memcached Test General - should run successfully" classname="e2e Suite" time="35.618231187"></testcase>
      <testcase name="Memcached Test General Multiple Replica should run successfully" classname="e2e Suite" time="53.499715098"></testcase>
      <testcase name="Memcached Test Resume - should resume DormantDatabase successfully" classname="e2e Suite" time="58.225845412"></testcase>
      <testcase name="Memcached Test Resume With original Memcached should resume DormantDatabase successfully" classname="e2e Suite" time="55.935308065"></testcase>
      <testcase name="Memcached Test Resume With original Memcached Multiple times should resume DormantDatabase successfully" classname="e2e Suite" time="134.404257699"></testcase>
  </testsuite>