<?xml version="1.0" encoding="UTF-8"?>
  <testsuite tests="1" failures="0" time="40.178719907">
      <testcase name="Memcached Test General - should run successfully" classname="e2e Suite" time="40.085494177"></testcase>
      <testcase name="Memcached Test DoNotPause should work successfully" classname="e2e Suite" time="0">
          <skipped></skipped>
      </testcase>
      <testcase name="Memcached Test Resume - should resume DormantDatabase successfully" classname="e2e Suite" time="0">
          <skipped></skipped>
      </testcase>
      <testcase name="Memcached Test Resume With original Memcached should resume DormantDatabase successfully" classname="e2e Suite" time="0">
          <skipped></skipped>
      </testcase>
      <testcase name="Memcached Test Resume With original Memcached Multiple times should resume DormantDatabase successfully" classname="e2e Suite" time="0">
          <skipped></skipped>
      </testcase>
  </testsuite>