<?xml version="1.0" encoding="UTF-8"?>
  <testsuite tests="2" failures="0" time="91.405131299">
      <testcase name="Memcached Test General - should run successfully" classname="e2e Suite" time="40.055649762"></testcase>
  </testsuite>