<?xml version="1.0" encoding="UTF-8"?>
  <testsuite tests="6" failures="6" time="4.476485798"></testsuite>