<?xml version="1.0" encoding="UTF-8"?>
  <testsuite tests="6" failures="4" time="64.253785647">
      <testcase name="Memcached Test General - should run successfully" classname="e2e Suite" time="20.095437964"></testcase>
      <testcase name="Memcached Test General Multiple Replica should run successfully" classname="e2e Suite" time="20.066127239"></testcase>
      <testcase name="Memcached Test DoNotPause should work successfully" classname="e2e Suite" time="10.0361234">
          <failure type="Failure">/home/maruf/go/src/github.com/kubedb/memcached/test/e2e/memcached_test.go:90&#xA;Expected error:&#xA;    &lt;*errors.StatusError | 0xc4201747e0&gt;: {&#xA;        ErrStatus: {&#xA;            TypeMeta: {Kind: &#34;&#34;, APIVersion: &#34;&#34;},&#xA;            ListMeta: {SelfLink: &#34;&#34;, ResourceVersion: &#34;&#34;, Continue: &#34;&#34;},&#xA;            Status: &#34;Failure&#34;,&#xA;            Message: &#34;memcacheds.kubedb.com \&#34;memcached-kv56b4\&#34; not found&#34;,&#xA;            Reason: &#34;NotFound&#34;,&#xA;            Details: {&#xA;                Name: &#34;memcached-kv56b4&#34;,&#xA;                Group: &#34;kubedb.com&#34;,&#xA;                Kind: &#34;memcacheds&#34;,&#xA;                UID: &#34;&#34;,&#xA;                Causes: nil,&#xA;                RetryAfterSeconds: 0,&#xA;            },&#xA;            Code: 404,&#xA;        },&#xA;    }&#xA;    memcacheds.kubedb.com &#34;memcached-kv56b4&#34; not found&#xA;not to have occurred&#xA;/home/maruf/go/src/github.com/kubedb/memcached/test/e2e/memcached_test.go:39</failure>
          <system-out>[BeforeEach] Memcached&#xA;  /home/maruf/go/src/github.com/kubedb/memcached/test/e2e/memcached_test.go:21&#xA;[BeforeEach] DoNotPause&#xA;  /home/maruf/go/src/github.com/kubedb/memcached/test/e2e/memcached_test.go:86&#xA;[It] should work successfully&#xA;  /home/maruf/go/src/github.com/kubedb/memcached/test/e2e/memcached_test.go:90&#xA;�[1mSTEP�[0m: Create Memcached: memcached-kv56b4&#xA;�[1mSTEP�[0m: Wait for Running memcached&#xA;�[1mSTEP�[0m: Delete memcached&#xA;�[1mSTEP�[0m: Memcached is not paused. Check for memcached&#xA;�[1mSTEP�[0m: Check for Running memcached&#xA;�[1mSTEP�[0m: Update memcached to set DoNotPause=false&#xA;�[1mSTEP�[0m: Delete memcached&#xA;</system-out>
      </testcase>
      <testcase name="Memcached Test Resume - should resume DormantDatabase successfully" classname="e2e Suite" time="10.009621758">
          <failure type="Failure">/home/maruf/go/src/github.com/kubedb/memcached/test/e2e/memcached_test.go:151&#xA;Expected error:&#xA;    &lt;*errors.StatusError | 0xc420c13830&gt;: {&#xA;        ErrStatus: {&#xA;            TypeMeta: {Kind: &#34;&#34;, APIVersion: &#34;&#34;},&#xA;            ListMeta: {SelfLink: &#34;&#34;, ResourceVersion: &#34;&#34;, Continue: &#34;&#34;},&#xA;            Status: &#34;Failure&#34;,&#xA;            Message: &#34;memcacheds.kubedb.com \&#34;memcached-bsa2zm\&#34; not found&#34;,&#xA;            Reason: &#34;NotFound&#34;,&#xA;            Details: {&#xA;                Name: &#34;memcached-bsa2zm&#34;,&#xA;                Group: &#34;kubedb.com&#34;,&#xA;                Kind: &#34;memcacheds&#34;,&#xA;                UID: &#34;&#34;,&#xA;                Causes: nil,&#xA;                RetryAfterSeconds: 0,&#xA;            },&#xA;            Code: 404,&#xA;        },&#xA;    }&#xA;    memcacheds.kubedb.com &#34;memcached-bsa2zm&#34; not found&#xA;not to have occurred&#xA;/home/maruf/go/src/github.com/kubedb/memcached/test/e2e/framework/memcached.go:69</failure>
          <system-out>[BeforeEach] Memcached&#xA;  /home/maruf/go/src/github.com/kubedb/memcached/test/e2e/memcached_test.go:21&#xA;[BeforeEach] Resume&#xA;  /home/maruf/go/src/github.com/kubedb/memcached/test/e2e/memcached_test.go:117&#xA;[It] should resume DormantDatabase successfully&#xA;  /home/maruf/go/src/github.com/kubedb/memcached/test/e2e/memcached_test.go:151&#xA;�[1mSTEP�[0m: Create Memcached: memcached-bsa2zm&#xA;�[1mSTEP�[0m: Wait for Running memcached&#xA;</system-out>
      </testcase>
      <testcase name="Memcached Test Resume With original Memcached should resume DormantDatabase successfully" classname="e2e Suite" time="0.001305462">
          <failure type="Failure">/home/maruf/go/src/github.com/kubedb/memcached/test/e2e/memcached_test.go:155&#xA;Expected error:&#xA;    &lt;*errors.StatusError | 0xc42068a6c0&gt;: {&#xA;        ErrStatus: {&#xA;            TypeMeta: {Kind: &#34;&#34;, APIVersion: &#34;&#34;},&#xA;            ListMeta: {SelfLink: &#34;&#34;, ResourceVersion: &#34;&#34;, Continue: &#34;&#34;},&#xA;            Status: &#34;Failure&#34;,&#xA;            Message: &#34;memcacheds.kubedb.com \&#34;memcached-gigy3u\&#34; is forbidden: unable to create new content in namespace memcached-kp567k because it is being terminated.&#34;,&#xA;            Reason: &#34;Forbidden&#34;,&#xA;            Details: {&#xA;                Name: &#34;memcached-gigy3u&#34;,&#xA;                Group: &#34;kubedb.com&#34;,&#xA;                Kind: &#34;memcacheds&#34;,&#xA;                UID: &#34;&#34;,&#xA;                Causes: nil,&#xA;                RetryAfterSeconds: 0,&#xA;            },&#xA;            Code: 403,&#xA;        },&#xA;    }&#xA;    memcacheds.kubedb.com &#34;memcached-gigy3u&#34; is forbidden: unable to create new content in namespace memcached-kp567k because it is being terminated.&#xA;not to have occurred&#xA;/home/maruf/go/src/github.com/kubedb/memcached/test/e2e/memcached_test.go:30</failure>
          <system-out>[BeforeEach] Memcached&#xA;  /home/maruf/go/src/github.com/kubedb/memcached/test/e2e/memcached_test.go:21&#xA;[BeforeEach] Resume&#xA;  /home/maruf/go/src/github.com/kubedb/memcached/test/e2e/memcached_test.go:117&#xA;[It] should resume DormantDatabase successfully&#xA;  /home/maruf/go/src/github.com/kubedb/memcached/test/e2e/memcached_test.go:155&#xA;�[1mSTEP�[0m: Create Memcached: memcached-gigy3u&#xA;</system-out>
      </testcase>
      <testcase name="Memcached Test Resume With original Memcached Multiple times should resume DormantDatabase successfully" classname="e2e Suite" time="0.001222399">
          <failure type="Failure">/home/maruf/go/src/github.com/kubedb/memcached/test/e2e/memcached_test.go:184&#xA;Expected error:&#xA;    &lt;*errors.StatusError | 0xc420175c20&gt;: {&#xA;        ErrStatus: {&#xA;            TypeMeta: {Kind: &#34;&#34;, APIVersion: &#34;&#34;},&#xA;            ListMeta: {SelfLink: &#34;&#34;, ResourceVersion: &#34;&#34;, Continue: &#34;&#34;},&#xA;            Status: &#34;Failure&#34;,&#xA;            Message: &#34;memcacheds.kubedb.com \&#34;memcached-4ahzuf\&#34; is forbidden: unable to create new content in namespace memcached-kp567k because it is being terminated.&#34;,&#xA;            Reason: &#34;Forbidden&#34;,&#xA;            Details: {&#xA;                Name: &#34;memcached-4ahzuf&#34;,&#xA;                Group: &#34;kubedb.com&#34;,&#xA;                Kind: &#34;memcacheds&#34;,&#xA;                UID: &#34;&#34;,&#xA;                Causes: nil,&#xA;                RetryAfterSeconds: 0,&#xA;            },&#xA;            Code: 403,&#xA;        },&#xA;    }&#xA;    memcacheds.kubedb.com &#34;memcached-4ahzuf&#34; is forbidden: unable to create new content in namespace memcached-kp567k because it is being terminated.&#xA;not to have occurred&#xA;/home/maruf/go/src/github.com/kubedb/memcached/test/e2e/memcached_test.go:30</failure>
          <system-out>[BeforeEach] Memcached&#xA;  /home/maruf/go/src/github.com/kubedb/memcached/test/e2e/memcached_test.go:21&#xA;[BeforeEach] Resume&#xA;  /home/maruf/go/src/github.com/kubedb/memcached/test/e2e/memcached_test.go:117&#xA;[It] should resume DormantDatabase successfully&#xA;  /home/maruf/go/src/github.com/kubedb/memcached/test/e2e/memcached_test.go:184&#xA;�[1mSTEP�[0m: Create Memcached: memcached-4ahzuf&#xA;</system-out>
      </testcase>
      <testcase name="AfterSuite" classname="e2e Suite" time="0.002491809">
          <failure type="Failure">/home/maruf/go/src/github.com/kubedb/memcached/test/e2e/e2e_suite_test.go:99&#xA;Expected error:&#xA;    &lt;*errors.StatusError | 0xc420c13a70&gt;: {&#xA;        ErrStatus: {&#xA;            TypeMeta: {Kind: &#34;&#34;, APIVersion: &#34;&#34;},&#xA;            ListMeta: {SelfLink: &#34;&#34;, ResourceVersion: &#34;&#34;, Continue: &#34;&#34;},&#xA;            Status: &#34;Failure&#34;,&#xA;            Message: &#34;Operation cannot be fulfilled on namespaces \&#34;memcached-kp567k\&#34;: The system is ensuring all content is removed from this namespace.  Upon completion, this namespace will automatically be purged by the system.&#34;,&#xA;            Reason: &#34;Conflict&#34;,&#xA;            Details: {&#xA;                Name: &#34;memcached-kp567k&#34;,&#xA;                Group: &#34;&#34;,&#xA;                Kind: &#34;namespaces&#34;,&#xA;                UID: &#34;&#34;,&#xA;                Causes: nil,&#xA;                RetryAfterSeconds: 0,&#xA;            },&#xA;            Code: 409,&#xA;        },&#xA;    }&#xA;    Operation cannot be fulfilled on namespaces &#34;memcached-kp567k&#34;: The system is ensuring all content is removed from this namespace.  Upon completion, this namespace will automatically be purged by the system.&#xA;not to have occurred&#xA;/home/maruf/go/src/github.com/kubedb/memcached/test/e2e/e2e_suite_test.go:101</failure>
      </testcase>
  </testsuite>