<?xml version="1.0" encoding="UTF-8"?>
  <testsuite tests="3" failures="0" time="195.405187581">
      <testcase name="Memcached Test General - should run successfully" classname="e2e Suite" time="55.04976418"></testcase>
      <testcase name="Memcached Test General Multiple Replica should run successfully" classname="e2e Suite" time="60.070401136"></testcase>
  </testsuite>