<?xml version="1.0" encoding="UTF-8"?>
  <testsuite tests="5" failures="0" time="356.949659962">
      <testcase name="Memcached Test General - should run successfully" classname="e2e Suite" time="41.580283438"></testcase>
      <testcase name="Memcached Test General Multiple Replica should run successfully" classname="e2e Suite" time="49.825348068"></testcase>
      <testcase name="Memcached Test Resume - should resume DormantDatabase successfully" classname="e2e Suite" time="82.729557365"></testcase>
      <testcase name="Memcached Test Resume With original Memcached should resume DormantDatabase successfully" classname="e2e Suite" time="58.32975119"></testcase>
      <testcase name="Memcached Test Resume With original Memcached Multiple times should resume DormantDatabase successfully" classname="e2e Suite" time="119.701907898"></testcase>
  </testsuite>